This file contains any messages produced by compilers while
running configure, to aid debugging if configure makes a mistake.

It was created by libnet configure 1.1.5, which was
generated by GNU Autoconf 2.61.  Invocation command line was

  $ ./configure --host=arm-linux-androideabi --build=x86_64-linux-gnu CC=arm-linux-androideabi-gcc CFLAGS=-mthumb -I/home/robquad/dev/android/ndk/build/platforms/android-8/arch-arm/usr/include/ -I../include/ -I../../include LDFLAGS=-Wl,--fix-cortex-a8,-rpath-link=/home/robquad/dev/android/ndk/build/platforms/android-8/arch-arm/usr/lib/ -L/home/robquad/dev/android/ndk/build/platforms/android-8/arch-arm/usr/lib/ LIBS=-lc

## --------- ##
## Platform. ##
## --------- ##

hostname = ZED-laptop
uname -m = x86_64
uname -r = 2.6.35-28-generic
uname -s = Linux
uname -v = #50-Ubuntu SMP Fri Mar 18 18:42:20 UTC 2011

/usr/bin/uname -p = unknown
/bin/uname -X     = unknown

/bin/arch              = unknown
/usr/bin/arch -k       = unknown
/usr/convex/getsysinfo = unknown
/usr/bin/hostinfo      = unknown
/bin/machine           = unknown
/usr/bin/oslevel       = unknown
/bin/universe          = unknown

PATH: /usr/local/sbin
PATH: /usr/local/bin
PATH: /usr/sbin
PATH: /usr/bin
PATH: /sbin
PATH: /bin
PATH: /usr/games
PATH: /home/robquad/dev/android/ndk/android-8-toolchain/bin


## ----------- ##
## Core tests. ##
## ----------- ##

configure:1953: result: beginning autoconfiguration process for libnet-1.1.5 ...
configure:1992: checking build system type
configure:2010: result: x86_64-pc-linux-gnu
configure:2032: checking host system type
configure:2047: result: arm-unknown-linux-androideabi
configure:2069: checking target system type
configure:2084: result: arm-unknown-linux-androideabi
configure:2129: checking for a BSD-compatible install
configure:2185: result: /usr/bin/install -c
configure:2196: checking whether build environment is sane
configure:2239: result: yes
configure:2267: checking for a thread-safe mkdir -p
configure:2306: result: /bin/mkdir -p
configure:2319: checking for gawk
configure:2335: found /usr/bin/gawk
configure:2346: result: gawk
configure:2357: checking whether make sets $(MAKE)
configure:2378: result: yes
configure:2458: checking for arm-linux-androideabi-strip
configure:2474: found /home/robquad/dev/android/ndk/android-8-toolchain/bin/arm-linux-androideabi-strip
configure:2485: result: arm-linux-androideabi-strip
configure:2568: checking whether to enable maintainer-specific portions of Makefiles
configure:2577: result: no
configure:2599: checking for arm-linux-androideabi-gcc
configure:2626: result: arm-linux-androideabi-gcc
configure:2904: checking for C compiler version
configure:2911: arm-linux-androideabi-gcc --version >&5
arm-linux-androideabi-gcc (GCC) 4.4.3
Copyright (C) 2009 Free Software Foundation, Inc.
This is free software; see the source for copying conditions.  There is NO
warranty; not even for MERCHANTABILITY or FITNESS FOR A PARTICULAR PURPOSE.

configure:2914: $? = 0
configure:2921: arm-linux-androideabi-gcc -v >&5
Using built-in specs.
Target: arm-linux-androideabi
Configured with: /tmp/ndk/src/build/../gcc/gcc-4.4.3/configure --prefix=/tmp/ndk-toolchain/ndk-prebuilt-10973/toolchains/arm-linux-androideabi-4.4.3/prebuilt/linux-x86 --target=arm-linux-androideabi --host=x86_64-linux-gnu --build=x86_64-linux-gnu --with-gnu-as --with-gnu-ld --enable-languages=c,c++ --with-gmp=/tmp/ndk-toolchain/build-JIHF5j/toolchain-arm-linux-androideabi-4.4.3/temp-install --with-mpfr=/tmp/ndk-toolchain/build-JIHF5j/toolchain-arm-linux-androideabi-4.4.3/temp-install --disable-libssp --enable-threads --disable-nls --disable-libmudflap --disable-libgomp --disable-libstdc__-v3 --disable-sjlj-exceptions --disable-shared --disable-tls --with-float=soft --with-fpu=vfp --with-arch=armv5te --enable-target-optspace --disable-nls --prefix=/tmp/ndk-toolchain/ndk-prebuilt-10973/toolchains/arm-linux-androideabi-4.4.3/prebuilt/linux-x86 --with-sysroot=/tmp/ndk-toolchain/ndk-prebuilt-10973/toolchains/arm-linux-androideabi-4.4.3/prebuilt/linux-x86/sysroot --with-binutils-version=2.19 --with-gcc-version=4.4.3 --with-gdb-version=6.6 --with-gmp-version=4.2.4 --with-mpfr-version=2.4.1 --with-arch=armv5te --enable-libstdc__-v3 --program-transform-name='s&^&arm-linux-androideabi-&'
Thread model: posix
gcc version 4.4.3 (GCC) 
configure:2924: $? = 0
configure:2931: arm-linux-androideabi-gcc -V >&5
arm-linux-androideabi-gcc: '-V' option must have argument
configure:2934: $? = 1
configure:2957: checking for C compiler default output file name
configure:2984: arm-linux-androideabi-gcc -mthumb -I/home/robquad/dev/android/ndk/build/platforms/android-8/arch-arm/usr/include/ -I../include/ -I../../include  -Wl,--fix-cortex-a8,-rpath-link=/home/robquad/dev/android/ndk/build/platforms/android-8/arch-arm/usr/lib/ -L/home/robquad/dev/android/ndk/build/platforms/android-8/arch-arm/usr/lib/ conftest.c -lc >&5
configure:2987: $? = 0
configure:3025: result: a.out
configure:3042: checking whether the C compiler works
configure:3072: result: yes
configure:3079: checking whether we are cross compiling
configure:3081: result: yes
configure:3084: checking for suffix of executables
configure:3091: arm-linux-androideabi-gcc -o conftest -mthumb -I/home/robquad/dev/android/ndk/build/platforms/android-8/arch-arm/usr/include/ -I../include/ -I../../include  -Wl,--fix-cortex-a8,-rpath-link=/home/robquad/dev/android/ndk/build/platforms/android-8/arch-arm/usr/lib/ -L/home/robquad/dev/android/ndk/build/platforms/android-8/arch-arm/usr/lib/ conftest.c -lc >&5
configure:3094: $? = 0
configure:3118: result: 
configure:3124: checking for suffix of object files
configure:3150: arm-linux-androideabi-gcc -c -mthumb -I/home/robquad/dev/android/ndk/build/platforms/android-8/arch-arm/usr/include/ -I../include/ -I../../include  conftest.c >&5
configure:3153: $? = 0
configure:3176: result: o
configure:3180: checking whether we are using the GNU C compiler
configure:3209: arm-linux-androideabi-gcc -c -mthumb -I/home/robquad/dev/android/ndk/build/platforms/android-8/arch-arm/usr/include/ -I../include/ -I../../include  conftest.c >&5
configure:3215: $? = 0
configure:3232: result: yes
configure:3237: checking whether arm-linux-androideabi-gcc accepts -g
configure:3267: arm-linux-androideabi-gcc -c -g  conftest.c >&5
configure:3273: $? = 0
configure:3372: result: yes
configure:3389: checking for arm-linux-androideabi-gcc option to accept ISO C89
configure:3463: arm-linux-androideabi-gcc  -c -mthumb -I/home/robquad/dev/android/ndk/build/platforms/android-8/arch-arm/usr/include/ -I../include/ -I../../include  conftest.c >&5
configure:3469: $? = 0
configure:3492: result: none needed
configure:3521: checking for style of include used by make
configure:3549: result: GNU
configure:3574: checking dependency style of arm-linux-androideabi-gcc
configure:3665: result: none
configure:3693: checking for a BSD-compatible install
configure:3749: result: /usr/bin/install -c
configure:3772: checking how to run the C preprocessor
configure:3812: arm-linux-androideabi-gcc -E  conftest.c
configure:3818: $? = 0
configure:3849: arm-linux-androideabi-gcc -E  conftest.c
conftest.c:11:28: error: ac_nonexistent.h: No such file or directory
configure:3855: $? = 1
configure: failed program was:
| /* confdefs.h.  */
| #define PACKAGE_NAME "libnet"
| #define PACKAGE_TARNAME "libnet"
| #define PACKAGE_VERSION "1.1.5"
| #define PACKAGE_STRING "libnet 1.1.5"
| #define PACKAGE_BUGREPORT ""
| #define PACKAGE "libnet"
| #define VERSION "1.1.5"
| #define _GNU_SOURCE 1
| /* end confdefs.h.  */
| #include <ac_nonexistent.h>
configure:3888: result: arm-linux-androideabi-gcc -E
configure:3917: arm-linux-androideabi-gcc -E  conftest.c
configure:3923: $? = 0
configure:3954: arm-linux-androideabi-gcc -E  conftest.c
conftest.c:11:28: error: ac_nonexistent.h: No such file or directory
configure:3960: $? = 1
configure: failed program was:
| /* confdefs.h.  */
| #define PACKAGE_NAME "libnet"
| #define PACKAGE_TARNAME "libnet"
| #define PACKAGE_VERSION "1.1.5"
| #define PACKAGE_STRING "libnet 1.1.5"
| #define PACKAGE_BUGREPORT ""
| #define PACKAGE "libnet"
| #define VERSION "1.1.5"
| #define _GNU_SOURCE 1
| /* end confdefs.h.  */
| #include <ac_nonexistent.h>
configure:3998: checking for grep that handles long lines and -e
configure:4072: result: /bin/grep
configure:4077: checking for egrep
configure:4155: result: /bin/grep -E
configure:4161: checking for AIX
configure:4183: result: no
configure:4189: checking for ANSI C header files
configure:4219: arm-linux-androideabi-gcc -c -mthumb -I/home/robquad/dev/android/ndk/build/platforms/android-8/arch-arm/usr/include/ -I../include/ -I../../include  conftest.c >&5
configure:4225: $? = 0
configure:4353: result: yes
configure:4377: checking for sys/types.h
configure:4398: arm-linux-androideabi-gcc -c -mthumb -I/home/robquad/dev/android/ndk/build/platforms/android-8/arch-arm/usr/include/ -I../include/ -I../../include  conftest.c >&5
configure:4404: $? = 0
configure:4420: result: yes
configure:4377: checking for sys/stat.h
configure:4398: arm-linux-androideabi-gcc -c -mthumb -I/home/robquad/dev/android/ndk/build/platforms/android-8/arch-arm/usr/include/ -I../include/ -I../../include  conftest.c >&5
configure:4404: $? = 0
configure:4420: result: yes
configure:4377: checking for stdlib.h
configure:4398: arm-linux-androideabi-gcc -c -mthumb -I/home/robquad/dev/android/ndk/build/platforms/android-8/arch-arm/usr/include/ -I../include/ -I../../include  conftest.c >&5
configure:4404: $? = 0
configure:4420: result: yes
configure:4377: checking for string.h
configure:4398: arm-linux-androideabi-gcc -c -mthumb -I/home/robquad/dev/android/ndk/build/platforms/android-8/arch-arm/usr/include/ -I../include/ -I../../include  conftest.c >&5
configure:4404: $? = 0
configure:4420: result: yes
configure:4377: checking for memory.h
configure:4398: arm-linux-androideabi-gcc -c -mthumb -I/home/robquad/dev/android/ndk/build/platforms/android-8/arch-arm/usr/include/ -I../include/ -I../../include  conftest.c >&5
configure:4404: $? = 0
configure:4420: result: yes
configure:4377: checking for strings.h
configure:4398: arm-linux-androideabi-gcc -c -mthumb -I/home/robquad/dev/android/ndk/build/platforms/android-8/arch-arm/usr/include/ -I../include/ -I../../include  conftest.c >&5
configure:4404: $? = 0
configure:4420: result: yes
configure:4377: checking for inttypes.h
configure:4398: arm-linux-androideabi-gcc -c -mthumb -I/home/robquad/dev/android/ndk/build/platforms/android-8/arch-arm/usr/include/ -I../include/ -I../../include  conftest.c >&5
configure:4404: $? = 0
configure:4420: result: yes
configure:4377: checking for stdint.h
configure:4398: arm-linux-androideabi-gcc -c -mthumb -I/home/robquad/dev/android/ndk/build/platforms/android-8/arch-arm/usr/include/ -I../include/ -I../../include  conftest.c >&5
configure:4404: $? = 0
configure:4420: result: yes
configure:4377: checking for unistd.h
configure:4398: arm-linux-androideabi-gcc -c -mthumb -I/home/robquad/dev/android/ndk/build/platforms/android-8/arch-arm/usr/include/ -I../include/ -I../../include  conftest.c >&5
configure:4404: $? = 0
configure:4420: result: yes
configure:4442: checking minix/config.h usability
configure:4459: arm-linux-androideabi-gcc -c -mthumb -I/home/robquad/dev/android/ndk/build/platforms/android-8/arch-arm/usr/include/ -I../include/ -I../../include  conftest.c >&5
conftest.c:54:26: error: minix/config.h: No such file or directory
configure:4465: $? = 1
configure: failed program was:
| /* confdefs.h.  */
| #define PACKAGE_NAME "libnet"
| #define PACKAGE_TARNAME "libnet"
| #define PACKAGE_VERSION "1.1.5"
| #define PACKAGE_STRING "libnet 1.1.5"
| #define PACKAGE_BUGREPORT ""
| #define PACKAGE "libnet"
| #define VERSION "1.1.5"
| #define _GNU_SOURCE 1
| #define STDC_HEADERS 1
| #define HAVE_SYS_TYPES_H 1
| #define HAVE_SYS_STAT_H 1
| #define HAVE_STDLIB_H 1
| #define HAVE_STRING_H 1
| #define HAVE_MEMORY_H 1
| #define HAVE_STRINGS_H 1
| #define HAVE_INTTYPES_H 1
| #define HAVE_STDINT_H 1
| #define HAVE_UNISTD_H 1
| /* end confdefs.h.  */
| #include <stdio.h>
| #ifdef HAVE_SYS_TYPES_H
| # include <sys/types.h>
| #endif
| #ifdef HAVE_SYS_STAT_H
| # include <sys/stat.h>
| #endif
| #ifdef STDC_HEADERS
| # include <stdlib.h>
| # include <stddef.h>
| #else
| # ifdef HAVE_STDLIB_H
| #  include <stdlib.h>
| # endif
| #endif
| #ifdef HAVE_STRING_H
| # if !defined STDC_HEADERS && defined HAVE_MEMORY_H
| #  include <memory.h>
| # endif
| # include <string.h>
| #endif
| #ifdef HAVE_STRINGS_H
| # include <strings.h>
| #endif
| #ifdef HAVE_INTTYPES_H
| # include <inttypes.h>
| #endif
| #ifdef HAVE_STDINT_H
| # include <stdint.h>
| #endif
| #ifdef HAVE_UNISTD_H
| # include <unistd.h>
| #endif
| #include <minix/config.h>
configure:4479: result: no
configure:4483: checking minix/config.h presence
configure:4498: arm-linux-androideabi-gcc -E  conftest.c
conftest.c:21:26: error: minix/config.h: No such file or directory
configure:4504: $? = 1
configure: failed program was:
| /* confdefs.h.  */
| #define PACKAGE_NAME "libnet"
| #define PACKAGE_TARNAME "libnet"
| #define PACKAGE_VERSION "1.1.5"
| #define PACKAGE_STRING "libnet 1.1.5"
| #define PACKAGE_BUGREPORT ""
| #define PACKAGE "libnet"
| #define VERSION "1.1.5"
| #define _GNU_SOURCE 1
| #define STDC_HEADERS 1
| #define HAVE_SYS_TYPES_H 1
| #define HAVE_SYS_STAT_H 1
| #define HAVE_STDLIB_H 1
| #define HAVE_STRING_H 1
| #define HAVE_MEMORY_H 1
| #define HAVE_STRINGS_H 1
| #define HAVE_INTTYPES_H 1
| #define HAVE_STDINT_H 1
| #define HAVE_UNISTD_H 1
| /* end confdefs.h.  */
| #include <minix/config.h>
configure:4518: result: no
configure:4546: checking for minix/config.h
configure:4553: result: no
configure:4592: checking whether it is safe to define __EXTENSIONS__
configure:4620: arm-linux-androideabi-gcc -c -mthumb -I/home/robquad/dev/android/ndk/build/platforms/android-8/arch-arm/usr/include/ -I../include/ -I../../include  conftest.c >&5
configure:4626: $? = 0
configure:4641: result: yes
configure:4729: checking for a sed that does not truncate output
configure:4785: result: /bin/sed
configure:4799: checking for ld used by arm-linux-androideabi-gcc
configure:4866: result: /home/robquad/dev/android/ndk/android-8-toolchain/arm-linux-androideabi/bin/ld
configure:4875: checking if the linker (/home/robquad/dev/android/ndk/android-8-toolchain/arm-linux-androideabi/bin/ld) is GNU ld
configure:4890: result: yes
configure:4895: checking for /home/robquad/dev/android/ndk/android-8-toolchain/arm-linux-androideabi/bin/ld option to reload object files
configure:4902: result: -r
configure:4920: checking for BSD-compatible nm
configure:4969: result: /home/robquad/dev/android/ndk/android-8-toolchain/bin/arm-linux-androideabi-nm -B
configure:4973: checking whether ln -s works
configure:4977: result: yes
configure:4984: checking how to recognize dependent libraries
configure:5170: result: pass_all
configure:5420: checking dlfcn.h usability
configure:5437: arm-linux-androideabi-gcc -c -mthumb -I/home/robquad/dev/android/ndk/build/platforms/android-8/arch-arm/usr/include/ -I../include/ -I../../include  conftest.c >&5
configure:5443: $? = 0
configure:5457: result: yes
configure:5461: checking dlfcn.h presence
configure:5476: arm-linux-androideabi-gcc -E  conftest.c
configure:5482: $? = 0
configure:5496: result: yes
configure:5524: checking for dlfcn.h
configure:5532: result: yes
configure:5559: checking for arm-linux-androideabi-g++
configure:5575: found /home/robquad/dev/android/ndk/android-8-toolchain/bin/arm-linux-androideabi-g++
configure:5586: result: arm-linux-androideabi-g++
configure:5661: checking for C++ compiler version
configure:5668: arm-linux-androideabi-g++ --version >&5
arm-linux-androideabi-g++ (GCC) 4.4.3
Copyright (C) 2009 Free Software Foundation, Inc.
This is free software; see the source for copying conditions.  There is NO
warranty; not even for MERCHANTABILITY or FITNESS FOR A PARTICULAR PURPOSE.

configure:5671: $? = 0
configure:5678: arm-linux-androideabi-g++ -v >&5
Using built-in specs.
Target: arm-linux-androideabi
Configured with: /tmp/ndk/src/build/../gcc/gcc-4.4.3/configure --prefix=/tmp/ndk-toolchain/ndk-prebuilt-10973/toolchains/arm-linux-androideabi-4.4.3/prebuilt/linux-x86 --target=arm-linux-androideabi --host=x86_64-linux-gnu --build=x86_64-linux-gnu --with-gnu-as --with-gnu-ld --enable-languages=c,c++ --with-gmp=/tmp/ndk-toolchain/build-JIHF5j/toolchain-arm-linux-androideabi-4.4.3/temp-install --with-mpfr=/tmp/ndk-toolchain/build-JIHF5j/toolchain-arm-linux-androideabi-4.4.3/temp-install --disable-libssp --enable-threads --disable-nls --disable-libmudflap --disable-libgomp --disable-libstdc__-v3 --disable-sjlj-exceptions --disable-shared --disable-tls --with-float=soft --with-fpu=vfp --with-arch=armv5te --enable-target-optspace --disable-nls --prefix=/tmp/ndk-toolchain/ndk-prebuilt-10973/toolchains/arm-linux-androideabi-4.4.3/prebuilt/linux-x86 --with-sysroot=/tmp/ndk-toolchain/ndk-prebuilt-10973/toolchains/arm-linux-androideabi-4.4.3/prebuilt/linux-x86/sysroot --with-binutils-version=2.19 --with-gcc-version=4.4.3 --with-gdb-version=6.6 --with-gmp-version=4.2.4 --with-mpfr-version=2.4.1 --with-arch=armv5te --enable-libstdc__-v3 --program-transform-name='s&^&arm-linux-androideabi-&'
Thread model: posix
gcc version 4.4.3 (GCC) 
configure:5681: $? = 0
configure:5688: arm-linux-androideabi-g++ -V >&5
arm-linux-androideabi-g++: '-V' option must have argument
configure:5691: $? = 1
configure:5694: checking whether we are using the GNU C++ compiler
configure:5723: arm-linux-androideabi-g++ -c   conftest.cpp >&5
configure:5729: $? = 0
configure:5746: result: yes
configure:5751: checking whether arm-linux-androideabi-g++ accepts -g
configure:5781: arm-linux-androideabi-g++ -c -g  conftest.cpp >&5
configure:5787: $? = 0
configure:5886: result: yes
configure:5911: checking dependency style of arm-linux-androideabi-g++
configure:6002: result: none
configure:6027: checking how to run the C++ preprocessor
configure:6063: arm-linux-androideabi-g++ -E  conftest.cpp
configure:6069: $? = 0
configure:6100: arm-linux-androideabi-g++ -E  conftest.cpp
conftest.cpp:25:28: error: ac_nonexistent.h: No such file or directory
configure:6106: $? = 1
configure: failed program was:
| /* confdefs.h.  */
| #define PACKAGE_NAME "libnet"
| #define PACKAGE_TARNAME "libnet"
| #define PACKAGE_VERSION "1.1.5"
| #define PACKAGE_STRING "libnet 1.1.5"
| #define PACKAGE_BUGREPORT ""
| #define PACKAGE "libnet"
| #define VERSION "1.1.5"
| #define _GNU_SOURCE 1
| #define STDC_HEADERS 1
| #define HAVE_SYS_TYPES_H 1
| #define HAVE_SYS_STAT_H 1
| #define HAVE_STDLIB_H 1
| #define HAVE_STRING_H 1
| #define HAVE_MEMORY_H 1
| #define HAVE_STRINGS_H 1
| #define HAVE_INTTYPES_H 1
| #define HAVE_STDINT_H 1
| #define HAVE_UNISTD_H 1
| #define __EXTENSIONS__ 1
| #define _POSIX_PTHREAD_SEMANTICS 1
| #define _TANDEM_SOURCE 1
| #define HAVE_DLFCN_H 1
| /* end confdefs.h.  */
| #include <ac_nonexistent.h>
configure:6139: result: arm-linux-androideabi-g++ -E
configure:6168: arm-linux-androideabi-g++ -E  conftest.cpp
configure:6174: $? = 0
configure:6205: arm-linux-androideabi-g++ -E  conftest.cpp
conftest.cpp:25:28: error: ac_nonexistent.h: No such file or directory
configure:6211: $? = 1
configure: failed program was:
| /* confdefs.h.  */
| #define PACKAGE_NAME "libnet"
| #define PACKAGE_TARNAME "libnet"
| #define PACKAGE_VERSION "1.1.5"
| #define PACKAGE_STRING "libnet 1.1.5"
| #define PACKAGE_BUGREPORT ""
| #define PACKAGE "libnet"
| #define VERSION "1.1.5"
| #define _GNU_SOURCE 1
| #define STDC_HEADERS 1
| #define HAVE_SYS_TYPES_H 1
| #define HAVE_SYS_STAT_H 1
| #define HAVE_STDLIB_H 1
| #define HAVE_STRING_H 1
| #define HAVE_MEMORY_H 1
| #define HAVE_STRINGS_H 1
| #define HAVE_INTTYPES_H 1
| #define HAVE_STDINT_H 1
| #define HAVE_UNISTD_H 1
| #define __EXTENSIONS__ 1
| #define _POSIX_PTHREAD_SEMANTICS 1
| #define _TANDEM_SOURCE 1
| #define HAVE_DLFCN_H 1
| /* end confdefs.h.  */
| #include <ac_nonexistent.h>
configure:6260: checking for arm-linux-androideabi-g77
configure:6290: result: no
configure:6260: checking for arm-linux-androideabi-xlf
configure:6290: result: no
configure:6260: checking for arm-linux-androideabi-f77
configure:6290: result: no
configure:6260: checking for arm-linux-androideabi-frt
configure:6290: result: no
configure:6260: checking for arm-linux-androideabi-pgf77
configure:6290: result: no
configure:6260: checking for arm-linux-androideabi-cf77
configure:6290: result: no
configure:6260: checking for arm-linux-androideabi-fort77
configure:6290: result: no
configure:6260: checking for arm-linux-androideabi-fl32
configure:6290: result: no
configure:6260: checking for arm-linux-androideabi-af77
configure:6290: result: no
configure:6260: checking for arm-linux-androideabi-xlf90
configure:6290: result: no
configure:6260: checking for arm-linux-androideabi-f90
configure:6290: result: no
configure:6260: checking for arm-linux-androideabi-pgf90
configure:6290: result: no
configure:6260: checking for arm-linux-androideabi-pghpf
configure:6290: result: no
configure:6260: checking for arm-linux-androideabi-epcf90
configure:6290: result: no
configure:6260: checking for arm-linux-androideabi-gfortran
configure:6290: result: no
configure:6260: checking for arm-linux-androideabi-g95
configure:6290: result: no
configure:6260: checking for arm-linux-androideabi-xlf95
configure:6290: result: no
configure:6260: checking for arm-linux-androideabi-f95
configure:6290: result: no
configure:6260: checking for arm-linux-androideabi-fort
configure:6290: result: no
configure:6260: checking for arm-linux-androideabi-ifort
configure:6290: result: no
configure:6260: checking for arm-linux-androideabi-ifc
configure:6290: result: no
configure:6260: checking for arm-linux-androideabi-efc
configure:6290: result: no
configure:6260: checking for arm-linux-androideabi-pgf95
configure:6290: result: no
configure:6260: checking for arm-linux-androideabi-lf95
configure:6290: result: no
configure:6260: checking for arm-linux-androideabi-ftn
configure:6290: result: no
configure:6304: checking for g77
configure:6334: result: no
configure:6304: checking for xlf
configure:6334: result: no
configure:6304: checking for f77
configure:6334: result: no
configure:6304: checking for frt
configure:6334: result: no
configure:6304: checking for pgf77
configure:6334: result: no
configure:6304: checking for cf77
configure:6334: result: no
configure:6304: checking for fort77
configure:6334: result: no
configure:6304: checking for fl32
configure:6334: result: no
configure:6304: checking for af77
configure:6334: result: no
configure:6304: checking for xlf90
configure:6334: result: no
configure:6304: checking for f90
configure:6334: result: no
configure:6304: checking for pgf90
configure:6334: result: no
configure:6304: checking for pghpf
configure:6334: result: no
configure:6304: checking for epcf90
configure:6334: result: no
configure:6304: checking for gfortran
configure:6334: result: no
configure:6304: checking for g95
configure:6334: result: no
configure:6304: checking for xlf95
configure:6334: result: no
configure:6304: checking for f95
configure:6334: result: no
configure:6304: checking for fort
configure:6334: result: no
configure:6304: checking for ifort
configure:6334: result: no
configure:6304: checking for ifc
configure:6334: result: no
configure:6304: checking for efc
configure:6334: result: no
configure:6304: checking for pgf95
configure:6334: result: no
configure:6304: checking for lf95
configure:6334: result: no
configure:6304: checking for ftn
configure:6334: result: no
configure:6361: checking for Fortran 77 compiler version
configure:6368:  --version >&5
./configure: line 6369: --version: command not found
configure:6371: $? = 127
configure:6378:  -v >&5
./configure: line 6379: -v: command not found
configure:6381: $? = 127
configure:6388:  -V >&5
./configure: line 6389: -V: command not found
configure:6391: $? = 127
configure:6399: checking whether we are using the GNU Fortran 77 compiler
configure:6418:  -c  conftest.F >&5
./configure: line 6419: -c: command not found
configure:6424: $? = 127
configure: failed program was:
|       program main
| #ifndef __GNUC__
|        choke me
| #endif
| 
|       end
configure:6441: result: no
configure:6447: checking whether  accepts -g
configure:6464:  -c -g conftest.f >&5
./configure: line 6465: -c: command not found
configure:6470: $? = 127
configure: failed program was:
|       program main
| 
|       end
configure:6486: result: no
configure:6516: checking the maximum length of command line arguments
configure:6628: result: 1572864
configure:6640: checking command to parse /home/robquad/dev/android/ndk/android-8-toolchain/bin/arm-linux-androideabi-nm -B output from arm-linux-androideabi-gcc object
configure:6745: arm-linux-androideabi-gcc -c -mthumb -I/home/robquad/dev/android/ndk/build/platforms/android-8/arch-arm/usr/include/ -I../include/ -I../../include  conftest.c >&5
configure:6748: $? = 0
configure:6752: /home/robquad/dev/android/ndk/android-8-toolchain/bin/arm-linux-androideabi-nm -B conftest.o \| sed -n -e 's/^.*[ 	]\([ABCDGIRSTW][ABCDGIRSTW]*\)[ 	][ 	]*\([_A-Za-z][_A-Za-z0-9]*\)$/\1 \2 \2/p' \> conftest.nm
configure:6755: $? = 0
configure:6807: arm-linux-androideabi-gcc -o conftest -mthumb -I/home/robquad/dev/android/ndk/build/platforms/android-8/arch-arm/usr/include/ -I../include/ -I../../include  -Wl,--fix-cortex-a8,-rpath-link=/home/robquad/dev/android/ndk/build/platforms/android-8/arch-arm/usr/lib/ -L/home/robquad/dev/android/ndk/build/platforms/android-8/arch-arm/usr/lib/ conftest.c conftstm.o >&5
configure:6810: $? = 0
configure:6848: result: ok
configure:6852: checking for objdir
configure:6867: result: .libs
configure:6919: checking for arm-linux-androideabi-ar
configure:6935: found /home/robquad/dev/android/ndk/android-8-toolchain/bin/arm-linux-androideabi-ar
configure:6946: result: arm-linux-androideabi-ar
configure:7015: checking for arm-linux-androideabi-ranlib
configure:7031: found /home/robquad/dev/android/ndk/android-8-toolchain/bin/arm-linux-androideabi-ranlib
configure:7042: result: arm-linux-androideabi-ranlib
configure:7111: checking for arm-linux-androideabi-strip
configure:7138: result: arm-linux-androideabi-strip
configure:7464: checking if arm-linux-androideabi-gcc supports -fno-rtti -fno-exceptions
configure:7482: arm-linux-androideabi-gcc -c -mthumb -I/home/robquad/dev/android/ndk/build/platforms/android-8/arch-arm/usr/include/ -I../include/ -I../../include  -fno-rtti -fno-exceptions conftest.c >&5
cc1: warning: command line option "-fno-rtti" is valid for C++/ObjC++ but not for C
configure:7486: $? = 0
configure:7499: result: no
configure:7514: checking for arm-linux-androideabi-gcc option to produce PIC
configure:7746: result: -fPIC
configure:7754: checking if arm-linux-androideabi-gcc PIC flag -fPIC works
configure:7772: arm-linux-androideabi-gcc -c -mthumb -I/home/robquad/dev/android/ndk/build/platforms/android-8/arch-arm/usr/include/ -I../include/ -I../../include  -fPIC -DPIC conftest.c >&5
configure:7776: $? = 0
configure:7789: result: yes
configure:7817: checking if arm-linux-androideabi-gcc static flag -static works
configure:7845: result: yes
configure:7855: checking if arm-linux-androideabi-gcc supports -c -o file.o
configure:7876: arm-linux-androideabi-gcc -c -mthumb -I/home/robquad/dev/android/ndk/build/platforms/android-8/arch-arm/usr/include/ -I../include/ -I../../include  -o out/conftest2.o conftest.c >&5
configure:7880: $? = 0
configure:7902: result: yes
configure:7928: checking whether the arm-linux-androideabi-gcc linker (/home/robquad/dev/android/ndk/android-8-toolchain/arm-linux-androideabi/bin/ld) supports shared libraries
configure:8909: result: yes
configure:8930: checking whether -lc should be explicitly linked in
configure:8935: arm-linux-androideabi-gcc -c -mthumb -I/home/robquad/dev/android/ndk/build/platforms/android-8/arch-arm/usr/include/ -I../include/ -I../../include  conftest.c >&5
configure:8938: $? = 0
configure:8953: arm-linux-androideabi-gcc -shared conftest.o  -v -Wl,-soname -Wl,conftest -o conftest 2\>\&1 \| grep  -lc  \>/dev/null 2\>\&1
configure:8956: $? = 0
configure:8968: result: no
configure:8976: checking dynamic linker characteristics
configure:9590: result: GNU/Linux ld.so
configure:9599: checking how to hardcode library paths into programs
configure:9624: result: immediate
configure:9638: checking whether stripping libraries is possible
configure:9643: result: yes
configure:10445: checking if libtool supports shared libraries
configure:10447: result: yes
configure:10450: checking whether to build shared libraries
configure:10471: result: yes
configure:10474: checking whether to build static libraries
configure:10478: result: yes
configure:10571: creating libtool
configure:11159: checking for ld used by arm-linux-androideabi-g++
configure:11226: result: /home/robquad/dev/android/ndk/android-8-toolchain/arm-linux-androideabi/bin/ld
configure:11235: checking if the linker (/home/robquad/dev/android/ndk/android-8-toolchain/arm-linux-androideabi/bin/ld) is GNU ld
configure:11250: result: yes
configure:11301: checking whether the arm-linux-androideabi-g++ linker (/home/robquad/dev/android/ndk/android-8-toolchain/arm-linux-androideabi/bin/ld) supports shared libraries
configure:12275: result: yes
configure:12293: arm-linux-androideabi-g++ -c -g -O2  conftest.cpp >&5
configure:12296: $? = 0
configure:12448: checking for arm-linux-androideabi-g++ option to produce PIC
configure:12732: result: -fPIC
configure:12740: checking if arm-linux-androideabi-g++ PIC flag -fPIC works
configure:12758: arm-linux-androideabi-g++ -c -g -O2  -fPIC -DPIC conftest.cpp >&5
configure:12762: $? = 0
configure:12775: result: yes
configure:12803: checking if arm-linux-androideabi-g++ static flag -static works
configure:12831: result: yes
configure:12841: checking if arm-linux-androideabi-g++ supports -c -o file.o
configure:12862: arm-linux-androideabi-g++ -c -g -O2  -o out/conftest2.o conftest.cpp >&5
configure:12866: $? = 0
configure:12888: result: yes
configure:12914: checking whether the arm-linux-androideabi-g++ linker (/home/robquad/dev/android/ndk/android-8-toolchain/arm-linux-androideabi/bin/ld) supports shared libraries
configure:12942: result: yes
configure:13009: checking dynamic linker characteristics
configure:13571: result: GNU/Linux ld.so
configure:13580: checking how to hardcode library paths into programs
configure:13605: result: immediate
configure:19819: checking sys/sockio.h usability
configure:19836: arm-linux-androideabi-gcc -c -mthumb -I/home/robquad/dev/android/ndk/build/platforms/android-8/arch-arm/usr/include/ -I../include/ -I../../include  conftest.c >&5
conftest.c:58:24: error: sys/sockio.h: No such file or directory
configure:19842: $? = 1
configure: failed program was:
| /* confdefs.h.  */
| #define PACKAGE_NAME "libnet"
| #define PACKAGE_TARNAME "libnet"
| #define PACKAGE_VERSION "1.1.5"
| #define PACKAGE_STRING "libnet 1.1.5"
| #define PACKAGE_BUGREPORT ""
| #define PACKAGE "libnet"
| #define VERSION "1.1.5"
| #define _GNU_SOURCE 1
| #define STDC_HEADERS 1
| #define HAVE_SYS_TYPES_H 1
| #define HAVE_SYS_STAT_H 1
| #define HAVE_STDLIB_H 1
| #define HAVE_STRING_H 1
| #define HAVE_MEMORY_H 1
| #define HAVE_STRINGS_H 1
| #define HAVE_INTTYPES_H 1
| #define HAVE_STDINT_H 1
| #define HAVE_UNISTD_H 1
| #define __EXTENSIONS__ 1
| #define _POSIX_PTHREAD_SEMANTICS 1
| #define _TANDEM_SOURCE 1
| #define HAVE_DLFCN_H 1
| /* end confdefs.h.  */
| #include <stdio.h>
| #ifdef HAVE_SYS_TYPES_H
| # include <sys/types.h>
| #endif
| #ifdef HAVE_SYS_STAT_H
| # include <sys/stat.h>
| #endif
| #ifdef STDC_HEADERS
| # include <stdlib.h>
| # include <stddef.h>
| #else
| # ifdef HAVE_STDLIB_H
| #  include <stdlib.h>
| # endif
| #endif
| #ifdef HAVE_STRING_H
| # if !defined STDC_HEADERS && defined HAVE_MEMORY_H
| #  include <memory.h>
| # endif
| # include <string.h>
| #endif
| #ifdef HAVE_STRINGS_H
| # include <strings.h>
| #endif
| #ifdef HAVE_INTTYPES_H
| # include <inttypes.h>
| #endif
| #ifdef HAVE_STDINT_H
| # include <stdint.h>
| #endif
| #ifdef HAVE_UNISTD_H
| # include <unistd.h>
| #endif
| #include <sys/sockio.h>
configure:19856: result: no
configure:19860: checking sys/sockio.h presence
configure:19875: arm-linux-androideabi-gcc -E  conftest.c
conftest.c:25:24: error: sys/sockio.h: No such file or directory
configure:19881: $? = 1
configure: failed program was:
| /* confdefs.h.  */
| #define PACKAGE_NAME "libnet"
| #define PACKAGE_TARNAME "libnet"
| #define PACKAGE_VERSION "1.1.5"
| #define PACKAGE_STRING "libnet 1.1.5"
| #define PACKAGE_BUGREPORT ""
| #define PACKAGE "libnet"
| #define VERSION "1.1.5"
| #define _GNU_SOURCE 1
| #define STDC_HEADERS 1
| #define HAVE_SYS_TYPES_H 1
| #define HAVE_SYS_STAT_H 1
| #define HAVE_STDLIB_H 1
| #define HAVE_STRING_H 1
| #define HAVE_MEMORY_H 1
| #define HAVE_STRINGS_H 1
| #define HAVE_INTTYPES_H 1
| #define HAVE_STDINT_H 1
| #define HAVE_UNISTD_H 1
| #define __EXTENSIONS__ 1
| #define _POSIX_PTHREAD_SEMANTICS 1
| #define _TANDEM_SOURCE 1
| #define HAVE_DLFCN_H 1
| /* end confdefs.h.  */
| #include <sys/sockio.h>
configure:19895: result: no
configure:19923: checking for sys/sockio.h
configure:19931: result: no
configure:19948: checking for gethostbyname2
configure:20004: arm-linux-androideabi-gcc -o conftest -mthumb -I/home/robquad/dev/android/ndk/build/platforms/android-8/arch-arm/usr/include/ -I../include/ -I../../include  -Wl,--fix-cortex-a8,-rpath-link=/home/robquad/dev/android/ndk/build/platforms/android-8/arch-arm/usr/lib/ -L/home/robquad/dev/android/ndk/build/platforms/android-8/arch-arm/usr/lib/ conftest.c -lc >&5
configure:20010: $? = 0
configure:20028: result: yes
configure:20039: checking for uint16_t
configure:20070: arm-linux-androideabi-gcc -c -mthumb -I/home/robquad/dev/android/ndk/build/platforms/android-8/arch-arm/usr/include/ -I../include/ -I../../include  conftest.c >&5
configure:20076: $? = 0
configure:20097: result: yes
configure:20111: checking for uint32_t
configure:20142: arm-linux-androideabi-gcc -c -mthumb -I/home/robquad/dev/android/ndk/build/platforms/android-8/arch-arm/usr/include/ -I../include/ -I../../include  conftest.c >&5
configure:20148: $? = 0
configure:20169: result: yes
configure:20187: checking for uint64_t
configure:20218: arm-linux-androideabi-gcc -c -mthumb -I/home/robquad/dev/android/ndk/build/platforms/android-8/arch-arm/usr/include/ -I../include/ -I../../include  conftest.c >&5
configure:20224: $? = 0
configure:20245: result: yes
configure:20264: checking whether byte ordering is bigendian
configure:20297: arm-linux-androideabi-gcc -c -mthumb -I/home/robquad/dev/android/ndk/build/platforms/android-8/arch-arm/usr/include/ -I../include/ -I../../include  conftest.c >&5
conftest.c: In function 'main':
conftest.c:33: error: 'bogus' undeclared (first use in this function)
conftest.c:33: error: (Each undeclared identifier is reported only once
conftest.c:33: error: for each function it appears in.)
conftest.c:33: error: expected ';' before 'endian'
configure:20303: $? = 1
configure: failed program was:
| /* confdefs.h.  */
| #define PACKAGE_NAME "libnet"
| #define PACKAGE_TARNAME "libnet"
| #define PACKAGE_VERSION "1.1.5"
| #define PACKAGE_STRING "libnet 1.1.5"
| #define PACKAGE_BUGREPORT ""
| #define PACKAGE "libnet"
| #define VERSION "1.1.5"
| #define _GNU_SOURCE 1
| #define STDC_HEADERS 1
| #define HAVE_SYS_TYPES_H 1
| #define HAVE_SYS_STAT_H 1
| #define HAVE_STDLIB_H 1
| #define HAVE_STRING_H 1
| #define HAVE_MEMORY_H 1
| #define HAVE_STRINGS_H 1
| #define HAVE_INTTYPES_H 1
| #define HAVE_STDINT_H 1
| #define HAVE_UNISTD_H 1
| #define __EXTENSIONS__ 1
| #define _POSIX_PTHREAD_SEMANTICS 1
| #define _TANDEM_SOURCE 1
| #define HAVE_DLFCN_H 1
| #define HAVE_GETHOSTBYNAME2 1
| /* end confdefs.h.  */
| #include <sys/types.h>
| #include <sys/param.h>
| 
| int
| main ()
| {
| #if  ! (defined BYTE_ORDER && defined BIG_ENDIAN && defined LITTLE_ENDIAN 	&& BYTE_ORDER && BIG_ENDIAN && LITTLE_ENDIAN)
|  bogus endian macros
| #endif
| 
|   ;
|   return 0;
| }
configure:20389: arm-linux-androideabi-gcc -c -mthumb -I/home/robquad/dev/android/ndk/build/platforms/android-8/arch-arm/usr/include/ -I../include/ -I../../include  conftest.c >&5
configure:20395: $? = 0
configure:20481: result: no
configure:20555: checking net/pfilt.h usability
configure:20572: arm-linux-androideabi-gcc -c -mthumb -I/home/robquad/dev/android/ndk/build/platforms/android-8/arch-arm/usr/include/ -I../include/ -I../../include  conftest.c >&5
conftest.c:60:23: error: net/pfilt.h: No such file or directory
configure:20578: $? = 1
configure: failed program was:
| /* confdefs.h.  */
| #define PACKAGE_NAME "libnet"
| #define PACKAGE_TARNAME "libnet"
| #define PACKAGE_VERSION "1.1.5"
| #define PACKAGE_STRING "libnet 1.1.5"
| #define PACKAGE_BUGREPORT ""
| #define PACKAGE "libnet"
| #define VERSION "1.1.5"
| #define _GNU_SOURCE 1
| #define STDC_HEADERS 1
| #define HAVE_SYS_TYPES_H 1
| #define HAVE_SYS_STAT_H 1
| #define HAVE_STDLIB_H 1
| #define HAVE_STRING_H 1
| #define HAVE_MEMORY_H 1
| #define HAVE_STRINGS_H 1
| #define HAVE_INTTYPES_H 1
| #define HAVE_STDINT_H 1
| #define HAVE_UNISTD_H 1
| #define __EXTENSIONS__ 1
| #define _POSIX_PTHREAD_SEMANTICS 1
| #define _TANDEM_SOURCE 1
| #define HAVE_DLFCN_H 1
| #define HAVE_GETHOSTBYNAME2 1
| #define LIBNET_LIL_ENDIAN 1
| /* end confdefs.h.  */
| #include <stdio.h>
| #ifdef HAVE_SYS_TYPES_H
| # include <sys/types.h>
| #endif
| #ifdef HAVE_SYS_STAT_H
| # include <sys/stat.h>
| #endif
| #ifdef STDC_HEADERS
| # include <stdlib.h>
| # include <stddef.h>
| #else
| # ifdef HAVE_STDLIB_H
| #  include <stdlib.h>
| # endif
| #endif
| #ifdef HAVE_STRING_H
| # if !defined STDC_HEADERS && defined HAVE_MEMORY_H
| #  include <memory.h>
| # endif
| # include <string.h>
| #endif
| #ifdef HAVE_STRINGS_H
| # include <strings.h>
| #endif
| #ifdef HAVE_INTTYPES_H
| # include <inttypes.h>
| #endif
| #ifdef HAVE_STDINT_H
| # include <stdint.h>
| #endif
| #ifdef HAVE_UNISTD_H
| # include <unistd.h>
| #endif
| #include <net/pfilt.h>
configure:20592: result: no
configure:20596: checking net/pfilt.h presence
configure:20611: arm-linux-androideabi-gcc -E  conftest.c
conftest.c:27:23: error: net/pfilt.h: No such file or directory
configure:20617: $? = 1
configure: failed program was:
| /* confdefs.h.  */
| #define PACKAGE_NAME "libnet"
| #define PACKAGE_TARNAME "libnet"
| #define PACKAGE_VERSION "1.1.5"
| #define PACKAGE_STRING "libnet 1.1.5"
| #define PACKAGE_BUGREPORT ""
| #define PACKAGE "libnet"
| #define VERSION "1.1.5"
| #define _GNU_SOURCE 1
| #define STDC_HEADERS 1
| #define HAVE_SYS_TYPES_H 1
| #define HAVE_SYS_STAT_H 1
| #define HAVE_STDLIB_H 1
| #define HAVE_STRING_H 1
| #define HAVE_MEMORY_H 1
| #define HAVE_STRINGS_H 1
| #define HAVE_INTTYPES_H 1
| #define HAVE_STDINT_H 1
| #define HAVE_UNISTD_H 1
| #define __EXTENSIONS__ 1
| #define _POSIX_PTHREAD_SEMANTICS 1
| #define _TANDEM_SOURCE 1
| #define HAVE_DLFCN_H 1
| #define HAVE_GETHOSTBYNAME2 1
| #define LIBNET_LIL_ENDIAN 1
| /* end confdefs.h.  */
| #include <net/pfilt.h>
configure:20631: result: no
configure:20659: checking for net/pfilt.h
configure:20667: result: no
configure:20555: checking sys/net/nit.h usability
configure:20572: arm-linux-androideabi-gcc -c -mthumb -I/home/robquad/dev/android/ndk/build/platforms/android-8/arch-arm/usr/include/ -I../include/ -I../../include  conftest.c >&5
conftest.c:60:25: error: sys/net/nit.h: No such file or directory
configure:20578: $? = 1
configure: failed program was:
| /* confdefs.h.  */
| #define PACKAGE_NAME "libnet"
| #define PACKAGE_TARNAME "libnet"
| #define PACKAGE_VERSION "1.1.5"
| #define PACKAGE_STRING "libnet 1.1.5"
| #define PACKAGE_BUGREPORT ""
| #define PACKAGE "libnet"
| #define VERSION "1.1.5"
| #define _GNU_SOURCE 1
| #define STDC_HEADERS 1
| #define HAVE_SYS_TYPES_H 1
| #define HAVE_SYS_STAT_H 1
| #define HAVE_STDLIB_H 1
| #define HAVE_STRING_H 1
| #define HAVE_MEMORY_H 1
| #define HAVE_STRINGS_H 1
| #define HAVE_INTTYPES_H 1
| #define HAVE_STDINT_H 1
| #define HAVE_UNISTD_H 1
| #define __EXTENSIONS__ 1
| #define _POSIX_PTHREAD_SEMANTICS 1
| #define _TANDEM_SOURCE 1
| #define HAVE_DLFCN_H 1
| #define HAVE_GETHOSTBYNAME2 1
| #define LIBNET_LIL_ENDIAN 1
| /* end confdefs.h.  */
| #include <stdio.h>
| #ifdef HAVE_SYS_TYPES_H
| # include <sys/types.h>
| #endif
| #ifdef HAVE_SYS_STAT_H
| # include <sys/stat.h>
| #endif
| #ifdef STDC_HEADERS
| # include <stdlib.h>
| # include <stddef.h>
| #else
| # ifdef HAVE_STDLIB_H
| #  include <stdlib.h>
| # endif
| #endif
| #ifdef HAVE_STRING_H
| # if !defined STDC_HEADERS && defined HAVE_MEMORY_H
| #  include <memory.h>
| # endif
| # include <string.h>
| #endif
| #ifdef HAVE_STRINGS_H
| # include <strings.h>
| #endif
| #ifdef HAVE_INTTYPES_H
| # include <inttypes.h>
| #endif
| #ifdef HAVE_STDINT_H
| # include <stdint.h>
| #endif
| #ifdef HAVE_UNISTD_H
| # include <unistd.h>
| #endif
| #include <sys/net/nit.h>
configure:20592: result: no
configure:20596: checking sys/net/nit.h presence
configure:20611: arm-linux-androideabi-gcc -E  conftest.c
conftest.c:27:25: error: sys/net/nit.h: No such file or directory
configure:20617: $? = 1
configure: failed program was:
| /* confdefs.h.  */
| #define PACKAGE_NAME "libnet"
| #define PACKAGE_TARNAME "libnet"
| #define PACKAGE_VERSION "1.1.5"
| #define PACKAGE_STRING "libnet 1.1.5"
| #define PACKAGE_BUGREPORT ""
| #define PACKAGE "libnet"
| #define VERSION "1.1.5"
| #define _GNU_SOURCE 1
| #define STDC_HEADERS 1
| #define HAVE_SYS_TYPES_H 1
| #define HAVE_SYS_STAT_H 1
| #define HAVE_STDLIB_H 1
| #define HAVE_STRING_H 1
| #define HAVE_MEMORY_H 1
| #define HAVE_STRINGS_H 1
| #define HAVE_INTTYPES_H 1
| #define HAVE_STDINT_H 1
| #define HAVE_UNISTD_H 1
| #define __EXTENSIONS__ 1
| #define _POSIX_PTHREAD_SEMANTICS 1
| #define _TANDEM_SOURCE 1
| #define HAVE_DLFCN_H 1
| #define HAVE_GETHOSTBYNAME2 1
| #define LIBNET_LIL_ENDIAN 1
| /* end confdefs.h.  */
| #include <sys/net/nit.h>
configure:20631: result: no
configure:20659: checking for sys/net/nit.h
configure:20667: result: no
configure:20555: checking net/raw.h usability
configure:20572: arm-linux-androideabi-gcc -c -mthumb -I/home/robquad/dev/android/ndk/build/platforms/android-8/arch-arm/usr/include/ -I../include/ -I../../include  conftest.c >&5
conftest.c:60:21: error: net/raw.h: No such file or directory
configure:20578: $? = 1
configure: failed program was:
| /* confdefs.h.  */
| #define PACKAGE_NAME "libnet"
| #define PACKAGE_TARNAME "libnet"
| #define PACKAGE_VERSION "1.1.5"
| #define PACKAGE_STRING "libnet 1.1.5"
| #define PACKAGE_BUGREPORT ""
| #define PACKAGE "libnet"
| #define VERSION "1.1.5"
| #define _GNU_SOURCE 1
| #define STDC_HEADERS 1
| #define HAVE_SYS_TYPES_H 1
| #define HAVE_SYS_STAT_H 1
| #define HAVE_STDLIB_H 1
| #define HAVE_STRING_H 1
| #define HAVE_MEMORY_H 1
| #define HAVE_STRINGS_H 1
| #define HAVE_INTTYPES_H 1
| #define HAVE_STDINT_H 1
| #define HAVE_UNISTD_H 1
| #define __EXTENSIONS__ 1
| #define _POSIX_PTHREAD_SEMANTICS 1
| #define _TANDEM_SOURCE 1
| #define HAVE_DLFCN_H 1
| #define HAVE_GETHOSTBYNAME2 1
| #define LIBNET_LIL_ENDIAN 1
| /* end confdefs.h.  */
| #include <stdio.h>
| #ifdef HAVE_SYS_TYPES_H
| # include <sys/types.h>
| #endif
| #ifdef HAVE_SYS_STAT_H
| # include <sys/stat.h>
| #endif
| #ifdef STDC_HEADERS
| # include <stdlib.h>
| # include <stddef.h>
| #else
| # ifdef HAVE_STDLIB_H
| #  include <stdlib.h>
| # endif
| #endif
| #ifdef HAVE_STRING_H
| # if !defined STDC_HEADERS && defined HAVE_MEMORY_H
| #  include <memory.h>
| # endif
| # include <string.h>
| #endif
| #ifdef HAVE_STRINGS_H
| # include <strings.h>
| #endif
| #ifdef HAVE_INTTYPES_H
| # include <inttypes.h>
| #endif
| #ifdef HAVE_STDINT_H
| # include <stdint.h>
| #endif
| #ifdef HAVE_UNISTD_H
| # include <unistd.h>
| #endif
| #include <net/raw.h>
configure:20592: result: no
configure:20596: checking net/raw.h presence
configure:20611: arm-linux-androideabi-gcc -E  conftest.c
conftest.c:27:21: error: net/raw.h: No such file or directory
configure:20617: $? = 1
configure: failed program was:
| /* confdefs.h.  */
| #define PACKAGE_NAME "libnet"
| #define PACKAGE_TARNAME "libnet"
| #define PACKAGE_VERSION "1.1.5"
| #define PACKAGE_STRING "libnet 1.1.5"
| #define PACKAGE_BUGREPORT ""
| #define PACKAGE "libnet"
| #define VERSION "1.1.5"
| #define _GNU_SOURCE 1
| #define STDC_HEADERS 1
| #define HAVE_SYS_TYPES_H 1
| #define HAVE_SYS_STAT_H 1
| #define HAVE_STDLIB_H 1
| #define HAVE_STRING_H 1
| #define HAVE_MEMORY_H 1
| #define HAVE_STRINGS_H 1
| #define HAVE_INTTYPES_H 1
| #define HAVE_STDINT_H 1
| #define HAVE_UNISTD_H 1
| #define __EXTENSIONS__ 1
| #define _POSIX_PTHREAD_SEMANTICS 1
| #define _TANDEM_SOURCE 1
| #define HAVE_DLFCN_H 1
| #define HAVE_GETHOSTBYNAME2 1
| #define LIBNET_LIL_ENDIAN 1
| /* end confdefs.h.  */
| #include <net/raw.h>
configure:20631: result: no
configure:20659: checking for net/raw.h
configure:20667: result: no
configure:20555: checking sys/dlpi.h usability
configure:20572: arm-linux-androideabi-gcc -c -mthumb -I/home/robquad/dev/android/ndk/build/platforms/android-8/arch-arm/usr/include/ -I../include/ -I../../include  conftest.c >&5
conftest.c:60:22: error: sys/dlpi.h: No such file or directory
configure:20578: $? = 1
configure: failed program was:
| /* confdefs.h.  */
| #define PACKAGE_NAME "libnet"
| #define PACKAGE_TARNAME "libnet"
| #define PACKAGE_VERSION "1.1.5"
| #define PACKAGE_STRING "libnet 1.1.5"
| #define PACKAGE_BUGREPORT ""
| #define PACKAGE "libnet"
| #define VERSION "1.1.5"
| #define _GNU_SOURCE 1
| #define STDC_HEADERS 1
| #define HAVE_SYS_TYPES_H 1
| #define HAVE_SYS_STAT_H 1
| #define HAVE_STDLIB_H 1
| #define HAVE_STRING_H 1
| #define HAVE_MEMORY_H 1
| #define HAVE_STRINGS_H 1
| #define HAVE_INTTYPES_H 1
| #define HAVE_STDINT_H 1
| #define HAVE_UNISTD_H 1
| #define __EXTENSIONS__ 1
| #define _POSIX_PTHREAD_SEMANTICS 1
| #define _TANDEM_SOURCE 1
| #define HAVE_DLFCN_H 1
| #define HAVE_GETHOSTBYNAME2 1
| #define LIBNET_LIL_ENDIAN 1
| /* end confdefs.h.  */
| #include <stdio.h>
| #ifdef HAVE_SYS_TYPES_H
| # include <sys/types.h>
| #endif
| #ifdef HAVE_SYS_STAT_H
| # include <sys/stat.h>
| #endif
| #ifdef STDC_HEADERS
| # include <stdlib.h>
| # include <stddef.h>
| #else
| # ifdef HAVE_STDLIB_H
| #  include <stdlib.h>
| # endif
| #endif
| #ifdef HAVE_STRING_H
| # if !defined STDC_HEADERS && defined HAVE_MEMORY_H
| #  include <memory.h>
| # endif
| # include <string.h>
| #endif
| #ifdef HAVE_STRINGS_H
| # include <strings.h>
| #endif
| #ifdef HAVE_INTTYPES_H
| # include <inttypes.h>
| #endif
| #ifdef HAVE_STDINT_H
| # include <stdint.h>
| #endif
| #ifdef HAVE_UNISTD_H
| # include <unistd.h>
| #endif
| #include <sys/dlpi.h>
configure:20592: result: no
configure:20596: checking sys/dlpi.h presence
configure:20611: arm-linux-androideabi-gcc -E  conftest.c
conftest.c:27:22: error: sys/dlpi.h: No such file or directory
configure:20617: $? = 1
configure: failed program was:
| /* confdefs.h.  */
| #define PACKAGE_NAME "libnet"
| #define PACKAGE_TARNAME "libnet"
| #define PACKAGE_VERSION "1.1.5"
| #define PACKAGE_STRING "libnet 1.1.5"
| #define PACKAGE_BUGREPORT ""
| #define PACKAGE "libnet"
| #define VERSION "1.1.5"
| #define _GNU_SOURCE 1
| #define STDC_HEADERS 1
| #define HAVE_SYS_TYPES_H 1
| #define HAVE_SYS_STAT_H 1
| #define HAVE_STDLIB_H 1
| #define HAVE_STRING_H 1
| #define HAVE_MEMORY_H 1
| #define HAVE_STRINGS_H 1
| #define HAVE_INTTYPES_H 1
| #define HAVE_STDINT_H 1
| #define HAVE_UNISTD_H 1
| #define __EXTENSIONS__ 1
| #define _POSIX_PTHREAD_SEMANTICS 1
| #define _TANDEM_SOURCE 1
| #define HAVE_DLFCN_H 1
| #define HAVE_GETHOSTBYNAME2 1
| #define LIBNET_LIL_ENDIAN 1
| /* end confdefs.h.  */
| #include <sys/dlpi.h>
configure:20631: result: no
configure:20659: checking for sys/dlpi.h
configure:20667: result: no
configure:20555: checking linux/socket.h usability
configure:20572: arm-linux-androideabi-gcc -c -mthumb -I/home/robquad/dev/android/ndk/build/platforms/android-8/arch-arm/usr/include/ -I../include/ -I../../include  conftest.c >&5
configure:20578: $? = 0
configure:20592: result: yes
configure:20596: checking linux/socket.h presence
configure:20611: arm-linux-androideabi-gcc -E  conftest.c
configure:20617: $? = 0
configure:20631: result: yes
configure:20659: checking for linux/socket.h
configure:20667: result: yes
configure:20681: checking link-layer packet interface type
configure:20919: result: found link layer linux
configure:20922: checking for packet socket (PF_SOCKET)
configure:20931: result: no
configure:21013: checking for Linux proc filesystem
configure:21025: result: yes
configure:21123: checking net/ethernet.h usability
configure:21140: arm-linux-androideabi-gcc -c -mthumb -I/home/robquad/dev/android/ndk/build/platforms/android-8/arch-arm/usr/include/ -I../include/ -I../../include  conftest.c >&5
conftest.c:65:26: error: net/ethernet.h: No such file or directory
configure:21146: $? = 1
configure: failed program was:
| /* confdefs.h.  */
| #define PACKAGE_NAME "libnet"
| #define PACKAGE_TARNAME "libnet"
| #define PACKAGE_VERSION "1.1.5"
| #define PACKAGE_STRING "libnet 1.1.5"
| #define PACKAGE_BUGREPORT ""
| #define PACKAGE "libnet"
| #define VERSION "1.1.5"
| #define _GNU_SOURCE 1
| #define STDC_HEADERS 1
| #define HAVE_SYS_TYPES_H 1
| #define HAVE_SYS_STAT_H 1
| #define HAVE_STDLIB_H 1
| #define HAVE_STRING_H 1
| #define HAVE_MEMORY_H 1
| #define HAVE_STRINGS_H 1
| #define HAVE_INTTYPES_H 1
| #define HAVE_STDINT_H 1
| #define HAVE_UNISTD_H 1
| #define __EXTENSIONS__ 1
| #define _POSIX_PTHREAD_SEMANTICS 1
| #define _TANDEM_SOURCE 1
| #define HAVE_DLFCN_H 1
| #define HAVE_GETHOSTBYNAME2 1
| #define LIBNET_LIL_ENDIAN 1
| #define HAVE_LINUX_SOCKET_H 1
| #define HAVE_LINUX_PROCFS 1
| #define _BSD_SOURCE 1
| #define __BSD_SOURCE 1
| #define __FAVOR_BSD 1
| /* end confdefs.h.  */
| #include <stdio.h>
| #ifdef HAVE_SYS_TYPES_H
| # include <sys/types.h>
| #endif
| #ifdef HAVE_SYS_STAT_H
| # include <sys/stat.h>
| #endif
| #ifdef STDC_HEADERS
| # include <stdlib.h>
| # include <stddef.h>
| #else
| # ifdef HAVE_STDLIB_H
| #  include <stdlib.h>
| # endif
| #endif
| #ifdef HAVE_STRING_H
| # if !defined STDC_HEADERS && defined HAVE_MEMORY_H
| #  include <memory.h>
| # endif
| # include <string.h>
| #endif
| #ifdef HAVE_STRINGS_H
| # include <strings.h>
| #endif
| #ifdef HAVE_INTTYPES_H
| # include <inttypes.h>
| #endif
| #ifdef HAVE_STDINT_H
| # include <stdint.h>
| #endif
| #ifdef HAVE_UNISTD_H
| # include <unistd.h>
| #endif
| #include <net/ethernet.h>
configure:21160: result: no
configure:21164: checking net/ethernet.h presence
configure:21179: arm-linux-androideabi-gcc -E  conftest.c
conftest.c:32:26: error: net/ethernet.h: No such file or directory
configure:21185: $? = 1
configure: failed program was:
| /* confdefs.h.  */
| #define PACKAGE_NAME "libnet"
| #define PACKAGE_TARNAME "libnet"
| #define PACKAGE_VERSION "1.1.5"
| #define PACKAGE_STRING "libnet 1.1.5"
| #define PACKAGE_BUGREPORT ""
| #define PACKAGE "libnet"
| #define VERSION "1.1.5"
| #define _GNU_SOURCE 1
| #define STDC_HEADERS 1
| #define HAVE_SYS_TYPES_H 1
| #define HAVE_SYS_STAT_H 1
| #define HAVE_STDLIB_H 1
| #define HAVE_STRING_H 1
| #define HAVE_MEMORY_H 1
| #define HAVE_STRINGS_H 1
| #define HAVE_INTTYPES_H 1
| #define HAVE_STDINT_H 1
| #define HAVE_UNISTD_H 1
| #define __EXTENSIONS__ 1
| #define _POSIX_PTHREAD_SEMANTICS 1
| #define _TANDEM_SOURCE 1
| #define HAVE_DLFCN_H 1
| #define HAVE_GETHOSTBYNAME2 1
| #define LIBNET_LIL_ENDIAN 1
| #define HAVE_LINUX_SOCKET_H 1
| #define HAVE_LINUX_PROCFS 1
| #define _BSD_SOURCE 1
| #define __BSD_SOURCE 1
| #define __FAVOR_BSD 1
| /* end confdefs.h.  */
| #include <net/ethernet.h>
configure:21199: result: no
configure:21227: checking for net/ethernet.h
configure:21235: result: no
configure:22251: creating ./config.status

## ---------------------- ##
## Running config.status. ##
## ---------------------- ##

This file was extended by libnet config.status 1.1.5, which was
generated by GNU Autoconf 2.61.  Invocation command line was

  CONFIG_FILES    = 
  CONFIG_HEADERS  = 
  CONFIG_LINKS    = 
  CONFIG_COMMANDS = 
  $ ./config.status 

on ZED-laptop

config.status:690: creating Makefile
config.status:690: creating src/Makefile
config.status:690: creating win32/Makefile
config.status:690: creating include/Makefile
config.status:690: creating include/libnet/Makefile
config.status:690: creating include/win32/Makefile
config.status:690: creating sample/Makefile
config.status:690: creating doc/Makefile
config.status:690: creating doc/man/Makefile
config.status:690: creating doc/man/man3/Makefile
config.status:690: creating doc/html/Makefile
config.status:690: creating version.h
config.status:690: creating include/libnet.h
config.status:690: creating libnet-config
config.status:690: creating include/config.h
config.status:928: include/config.h is unchanged
config.status:974: executing depfiles commands

## ---------------- ##
## Cache variables. ##
## ---------------- ##

ac_cv_build=x86_64-pc-linux-gnu
ac_cv_c_bigendian=no
ac_cv_c_compiler_gnu=yes
ac_cv_c_uint16_t=yes
ac_cv_c_uint32_t=yes
ac_cv_c_uint64_t=yes
ac_cv_cxx_compiler_gnu=yes
ac_cv_env_CCC_set=
ac_cv_env_CCC_value=
ac_cv_env_CC_set=set
ac_cv_env_CC_value=arm-linux-androideabi-gcc
ac_cv_env_CFLAGS_set=set
ac_cv_env_CFLAGS_value='-mthumb -I/home/robquad/dev/android/ndk/build/platforms/android-8/arch-arm/usr/include/ -I../include/ -I../../include'
ac_cv_env_CPPFLAGS_set=
ac_cv_env_CPPFLAGS_value=
ac_cv_env_CPP_set=
ac_cv_env_CPP_value=
ac_cv_env_CXXCPP_set=
ac_cv_env_CXXCPP_value=
ac_cv_env_CXXFLAGS_set=
ac_cv_env_CXXFLAGS_value=
ac_cv_env_CXX_set=
ac_cv_env_CXX_value=
ac_cv_env_F77_set=
ac_cv_env_F77_value=
ac_cv_env_FFLAGS_set=
ac_cv_env_FFLAGS_value=
ac_cv_env_LDFLAGS_set=set
ac_cv_env_LDFLAGS_value='-Wl,--fix-cortex-a8,-rpath-link=/home/robquad/dev/android/ndk/build/platforms/android-8/arch-arm/usr/lib/ -L/home/robquad/dev/android/ndk/build/platforms/android-8/arch-arm/usr/lib/'
ac_cv_env_LIBS_set=set
ac_cv_env_LIBS_value=-lc
ac_cv_env_build_alias_set=set
ac_cv_env_build_alias_value=x86_64-linux-gnu
ac_cv_env_host_alias_set=set
ac_cv_env_host_alias_value=arm-linux-androideabi
ac_cv_env_target_alias_set=
ac_cv_env_target_alias_value=
ac_cv_f77_compiler_gnu=no
ac_cv_func_gethostbyname2=yes
ac_cv_header_dlfcn_h=yes
ac_cv_header_inttypes_h=yes
ac_cv_header_linux_socket_h=yes
ac_cv_header_memory_h=yes
ac_cv_header_minix_config_h=no
ac_cv_header_net_ethernet_h=no
ac_cv_header_net_pfilt_h=no
ac_cv_header_net_raw_h=no
ac_cv_header_stdc=yes
ac_cv_header_stdint_h=yes
ac_cv_header_stdlib_h=yes
ac_cv_header_string_h=yes
ac_cv_header_strings_h=yes
ac_cv_header_sys_dlpi_h=no
ac_cv_header_sys_net_nit_h=no
ac_cv_header_sys_sockio_h=no
ac_cv_header_sys_stat_h=yes
ac_cv_header_sys_types_h=yes
ac_cv_header_unistd_h=yes
ac_cv_host=arm-unknown-linux-androideabi
ac_cv_libnet_linux_procfs=yes
ac_cv_objext=o
ac_cv_path_EGREP='/bin/grep -E'
ac_cv_path_GREP=/bin/grep
ac_cv_path_install='/usr/bin/install -c'
ac_cv_path_mkdir=/bin/mkdir
ac_cv_prog_AR=arm-linux-androideabi-ar
ac_cv_prog_AWK=gawk
ac_cv_prog_CC=arm-linux-androideabi-gcc
ac_cv_prog_CPP='arm-linux-androideabi-gcc -E'
ac_cv_prog_CXX=arm-linux-androideabi-g++
ac_cv_prog_CXXCPP='arm-linux-androideabi-g++ -E'
ac_cv_prog_RANLIB=arm-linux-androideabi-ranlib
ac_cv_prog_STRIP=arm-linux-androideabi-strip
ac_cv_prog_cc_c89=
ac_cv_prog_cc_g=yes
ac_cv_prog_cxx_g=yes
ac_cv_prog_f77_g=no
ac_cv_prog_make_make_set=yes
ac_cv_safe_to_define___extensions__=yes
ac_cv_target=arm-unknown-linux-androideabi
am_cv_CC_dependencies_compiler_type=none
am_cv_CXX_dependencies_compiler_type=none
libnet_cv_have_packet_socket=no
lt_cv_deplibs_check_method=pass_all
lt_cv_file_magic_cmd='$MAGIC_CMD'
lt_cv_file_magic_test_file=
lt_cv_ld_reload_flag=-r
lt_cv_objdir=.libs
lt_cv_path_LD=/home/robquad/dev/android/ndk/android-8-toolchain/arm-linux-androideabi/bin/ld
lt_cv_path_LDCXX=/home/robquad/dev/android/ndk/android-8-toolchain/arm-linux-androideabi/bin/ld
lt_cv_path_NM='/home/robquad/dev/android/ndk/android-8-toolchain/bin/arm-linux-androideabi-nm -B'
lt_cv_path_SED=/bin/sed
lt_cv_prog_compiler_c_o=yes
lt_cv_prog_compiler_c_o_CXX=yes
lt_cv_prog_compiler_rtti_exceptions=no
lt_cv_prog_gnu_ld=yes
lt_cv_prog_gnu_ldcxx=yes
lt_cv_sys_global_symbol_pipe='sed -n -e '\''s/^.*[ 	]\([ABCDGIRSTW][ABCDGIRSTW]*\)[ 	][ 	]*\([_A-Za-z][_A-Za-z0-9]*\)$/\1 \2 \2/p'\'''
lt_cv_sys_global_symbol_to_c_name_address='sed -n -e '\''s/^: \([^ ]*\) $/  {\"\1\", (lt_ptr) 0},/p'\'' -e '\''s/^[BCDEGRST] \([^ ]*\) \([^ ]*\)$/  {"\2", (lt_ptr) \&\2},/p'\'''
lt_cv_sys_global_symbol_to_cdecl='sed -n -e '\''s/^. .* \(.*\)$/extern int \1;/p'\'''
lt_cv_sys_max_cmd_len=1572864
lt_lt_cv_prog_compiler_c_o='"yes"'
lt_lt_cv_prog_compiler_c_o_CXX='"yes"'
lt_lt_cv_sys_global_symbol_pipe='"sed -n -e '\''s/^.*[ 	]\\([ABCDGIRSTW][ABCDGIRSTW]*\\)[ 	][ 	]*\\([_A-Za-z][_A-Za-z0-9]*\\)\$/\\1 \\2 \\2/p'\''"'
lt_lt_cv_sys_global_symbol_to_c_name_address='"sed -n -e '\''s/^: \\([^ ]*\\) \$/  {\\\"\\1\\\", (lt_ptr) 0},/p'\'' -e '\''s/^[BCDEGRST] \\([^ ]*\\) \\([^ ]*\\)\$/  {\"\\2\", (lt_ptr) \\&\\2},/p'\''"'
lt_lt_cv_sys_global_symbol_to_cdecl='"sed -n -e '\''s/^. .* \\(.*\\)\$/extern int \\1;/p'\''"'

## ----------------- ##
## Output variables. ##
## ----------------- ##

ACLOCAL='${SHELL} /home/robquad/dev/android/ndk/arpspoof/jni/libnet/missing --run aclocal-1.10'
ADDITIONAL_LIBS=''
AMDEPBACKSLASH='\'
AMDEP_FALSE='#'
AMDEP_TRUE=''
AMTAR='${SHELL} /home/robquad/dev/android/ndk/arpspoof/jni/libnet/missing --run tar'
AR='arm-linux-androideabi-ar'
AUTOCONF='${SHELL} /home/robquad/dev/android/ndk/arpspoof/jni/libnet/missing --run autoconf'
AUTOHEADER='${SHELL} /home/robquad/dev/android/ndk/arpspoof/jni/libnet/missing --run autoheader'
AUTOMAKE='${SHELL} /home/robquad/dev/android/ndk/arpspoof/jni/libnet/missing --run automake-1.10'
AWK='gawk'
CC='arm-linux-androideabi-gcc'
CCDEPMODE='depmode=none'
CFLAGS='-mthumb -I/home/robquad/dev/android/ndk/build/platforms/android-8/arch-arm/usr/include/ -I../include/ -I../../include'
CPP='arm-linux-androideabi-gcc -E'
CPPFLAGS=''
CXX='arm-linux-androideabi-g++'
CXXCPP='arm-linux-androideabi-g++ -E'
CXXDEPMODE='depmode=none'
CXXFLAGS='-g -O2'
CYGPATH_W='echo'
DEFS='-DHAVE_CONFIG_H'
DEPDIR='.deps'
ECHO='echo'
ECHO_C=''
ECHO_N='-n'
ECHO_T=''
EGREP='/bin/grep -E'
ENDIANESS='LIBNET_LIL_ENDIAN'
EXEEXT=''
F77=''
FFLAGS=''
GREP='/bin/grep'
HAVE_PACKET_SOCKET=''
INSTALL_DATA='${INSTALL} -m 644'
INSTALL_PROGRAM='${INSTALL}'
INSTALL_SAMPLES_FALSE=''
INSTALL_SAMPLES_TRUE='#'
INSTALL_SCRIPT='${INSTALL}'
INSTALL_STRIP_PROGRAM='$(install_sh) -c -s'
LDFLAGS='-Wl,--fix-cortex-a8,-rpath-link=/home/robquad/dev/android/ndk/build/platforms/android-8/arch-arm/usr/lib/ -L/home/robquad/dev/android/ndk/build/platforms/android-8/arch-arm/usr/lib/'
LIBNET_CONFIG_CFLAGS=''
LIBNET_CONFIG_DEFINES='-D_BSD_SOURCE -D__BSD_SOURCE -D__FAVOR_BSD'
LIBNET_CONFIG_LIBS=''
LIBOBJS=' ${LIBOBJDIR}libnet_link_linux$U.o'
LIBS='-lc'
LIBTOOL='$(SHELL) $(top_builddir)/libtool'
LN_S='ln -s'
LTLIBOBJS=' ${LIBOBJDIR}libnet_link_linux$U.lo'
MAINT='#'
MAINTAINER_MODE_FALSE=''
MAINTAINER_MODE_TRUE='#'
MAKEINFO='${SHELL} /home/robquad/dev/android/ndk/arpspoof/jni/libnet/missing --run makeinfo'
OBJEXT='o'
PACKAGE='libnet'
PACKAGE_BUGREPORT=''
PACKAGE_NAME='libnet'
PACKAGE_STRING='libnet 1.1.5'
PACKAGE_TARNAME='libnet'
PACKAGE_VERSION='1.1.5'
PATH_SEPARATOR=':'
RANLIB='arm-linux-androideabi-ranlib'
SED='/bin/sed'
SET_MAKE=''
SHELL='/bin/bash'
STRIP='arm-linux-androideabi-strip'
VERSION='1.1.5'
ac_ct_CC=''
ac_ct_CXX=''
ac_ct_F77=''
am__fastdepCC_FALSE=''
am__fastdepCC_TRUE='#'
am__fastdepCXX_FALSE=''
am__fastdepCXX_TRUE='#'
am__include='include'
am__isrc=''
am__leading_dot='.'
am__quote=''
am__tar='${AMTAR} chof - "$$tardir"'
am__untar='${AMTAR} xf -'
bindir='${exec_prefix}/bin'
build='x86_64-pc-linux-gnu'
build_alias='x86_64-linux-gnu'
build_cpu='x86_64'
build_os='linux-gnu'
build_vendor='pc'
datadir='${datarootdir}'
datarootdir='${prefix}/share'
docdir='${datarootdir}/doc/${PACKAGE_TARNAME}'
dvidir='${docdir}'
exec_prefix='${prefix}'
host='arm-unknown-linux-androideabi'
host_alias='arm-linux-androideabi'
host_cpu='arm'
host_os='linux-androideabi'
host_vendor='unknown'
htmldir='${docdir}'
includedir='${prefix}/include'
infodir='${datarootdir}/info'
install_sh='$(SHELL) /home/robquad/dev/android/ndk/arpspoof/jni/libnet/install-sh'
libdir='${exec_prefix}/lib'
libexecdir='${exec_prefix}/libexec'
localedir='${datarootdir}/locale'
localstatedir='${prefix}/var'
mandir='${datarootdir}/man'
mkdir_p='/bin/mkdir -p'
oldincludedir='/usr/include'
pdfdir='${docdir}'
prefix='/usr/local'
program_transform_name='s,x,x,'
psdir='${docdir}'
sbindir='${exec_prefix}/sbin'
sharedstatedir='${prefix}/com'
sysconfdir='${prefix}/etc'
target='arm-unknown-linux-androideabi'
target_alias=''
target_cpu='arm'
target_os='linux-androideabi'
target_vendor='unknown'

## ----------- ##
## confdefs.h. ##
## ----------- ##

#define PACKAGE_NAME "libnet"
#define PACKAGE_TARNAME "libnet"
#define PACKAGE_VERSION "1.1.5"
#define PACKAGE_STRING "libnet 1.1.5"
#define PACKAGE_BUGREPORT ""
#define PACKAGE "libnet"
#define VERSION "1.1.5"
#define _GNU_SOURCE 1
#define STDC_HEADERS 1
#define HAVE_SYS_TYPES_H 1
#define HAVE_SYS_STAT_H 1
#define HAVE_STDLIB_H 1
#define HAVE_STRING_H 1
#define HAVE_MEMORY_H 1
#define HAVE_STRINGS_H 1
#define HAVE_INTTYPES_H 1
#define HAVE_STDINT_H 1
#define HAVE_UNISTD_H 1
#define __EXTENSIONS__ 1
#define _POSIX_PTHREAD_SEMANTICS 1
#define _TANDEM_SOURCE 1
#define HAVE_DLFCN_H 1
#define HAVE_GETHOSTBYNAME2 1
#define LIBNET_LIL_ENDIAN 1
#define HAVE_LINUX_SOCKET_H 1
#define HAVE_LINUX_PROCFS 1
#define _BSD_SOURCE 1
#define __BSD_SOURCE 1
#define __FAVOR_BSD 1

configure: exit 0

## ---------------------- ##
## Running config.status. ##
## ---------------------- ##

This file was extended by libnet config.status 1.1.5, which was
generated by GNU Autoconf 2.61.  Invocation command line was

  CONFIG_FILES    = 
  CONFIG_HEADERS  = 
  CONFIG_LINKS    = 
  CONFIG_COMMANDS = 
  $ ./config.status 

on ZED-laptop

config.status:690: creating Makefile
config.status:690: creating src/Makefile
config.status:690: creating win32/Makefile
config.status:690: creating include/Makefile
config.status:690: creating include/libnet/Makefile
config.status:690: creating include/win32/Makefile
config.status:690: creating sample/Makefile
config.status:690: creating doc/Makefile
config.status:690: creating doc/man/Makefile
config.status:690: creating doc/man/man3/Makefile
config.status:690: creating doc/html/Makefile
config.status:690: creating version.h
config.status:690: creating include/libnet.h
config.status:690: creating libnet-config
config.status:690: creating include/config.h
config.status:928: include/config.h is unchanged
config.status:974: executing depfiles commands
